<?xml version="1.0" encoding="UTF-8" ?>
<testsuites>
  <testsuite errors="0" failures="0" hostname="precise64" id="0" name="BookTest" package="com.tw.biblioteca" tests="7" time="0.84" timestamp="2015-09-13T17:35:20">
      <properties>
[...]
</properties>

      <testcase classname="com.tw.biblioteca.BookTest" name="shouldBeEqualToAnotherBookObjectWithSameName" time="0.661" />

      <testcase classname="com.tw.biblioteca.BookTest" name="shouldBeEqualToItself" time="0.0" />

      <testcase classname="com.tw.biblioteca.BookTest" name="shouldNotBeEqualToAnotherBookObjectWithDifferentName" time="0.0" />

      <testcase classname="com.tw.biblioteca.BookTest" name="shouldReturnEachBookInColumnForm" time="0.0" />

      <testcase classname="com.tw.biblioteca.BookTest" name="shouldNotBeEqualToANullObject" time="0.0" />

      <testcase classname="com.tw.biblioteca.BookTest" name="shouldHaveEqualHashcodesIfBooksAreEqual" time="0.0" />

      <testcase classname="com.tw.biblioteca.BookTest" name="shouldNotBeEqualToAnObjectOtherThanBook" time="0.0" />

      <system-out><![CDATA[17:35:20,407 |-INFO in ch.qos.logback.classic.LoggerContext[default] - Could NOT find resource [logback.groovy]
17:35:20,408 |-INFO in ch.qos.logback.classic.LoggerContext[default] - Could NOT find resource [logback-test.xml]
17:35:20,410 |-INFO in ch.qos.logback.classic.LoggerContext[default] - Found resource [logback.xml] at [jar:file:/vagrant/IdeaProjects/BibliotecaVersion1/lib/cobertura-2.1.1/cobertura-2.1.1-sources.jar!/logback.xml]
17:35:20,413 |-WARN in ch.qos.logback.classic.LoggerContext[default] - Resource [logback.xml] occurs multiple times on the classpath.
17:35:20,413 |-WARN in ch.qos.logback.classic.LoggerContext[default] - Resource [logback.xml] occurs at [jar:file:/vagrant/IdeaProjects/BibliotecaVersion1/lib/cobertura-2.1.1/cobertura-2.1.1.jar!/logback.xml]
17:35:20,413 |-WARN in ch.qos.logback.classic.LoggerContext[default] - Resource [logback.xml] occurs at [jar:file:/vagrant/IdeaProjects/BibliotecaVersion1/lib/cobertura-2.1.1/cobertura-2.1.1-sources.jar!/logback.xml]
17:35:20,484 |-INFO in ch.qos.logback.core.joran.spi.ConfigurationWatchList@715e12dc - URL [jar:file:/vagrant/IdeaProjects/BibliotecaVersion1/lib/cobertura-2.1.1/cobertura-2.1.1-sources.jar!/logback.xml] is not of type file
17:35:20,606 |-INFO in ch.qos.logback.classic.joran.action.ConfigurationAction - debug attribute not set
17:35:20,611 |-INFO in ch.qos.logback.core.joran.action.AppenderAction - About to instantiate appender of type [ch.qos.logback.core.ConsoleAppender]
17:35:20,647 |-INFO in ch.qos.logback.core.joran.action.AppenderAction - Naming appender as [STDOUT]
17:35:20,710 |-INFO in ch.qos.logback.core.joran.action.NestedComplexPropertyIA - Assuming default type [ch.qos.logback.classic.encoder.PatternLayoutEncoder] for [encoder] property
17:35:20,903 |-INFO in ch.qos.logback.classic.joran.action.LoggerAction - Setting level of logger [net.sourceforge.cobertura] to INFO
17:35:20,903 |-INFO in ch.qos.logback.classic.joran.action.RootLoggerAction - Setting level of ROOT logger to DEBUG
17:35:20,903 |-INFO in ch.qos.logback.core.joran.action.AppenderRefAction - Attaching appender named [STDOUT] to Logger[ROOT]
17:35:20,905 |-INFO in ch.qos.logback.classic.joran.action.ConfigurationAction - End of configuration.
17:35:20,908 |-INFO in ch.qos.logback.classic.joran.JoranConfigurator@572863a9 - Registering current configuration as safe fallback point

]]></system-out>

      <system-err />

  </testsuite>
  <testsuite errors="0" failures="0" hostname="precise64" id="1" name="CheckoutTest" package="com.tw.biblioteca" tests="5" time="0.471" timestamp="2015-09-13T17:35:21">
      <properties>
[...]
</properties>

      <testcase classname="com.tw.biblioteca.CheckoutTest" name="shouldReturnUnsuccessMessageIfBookIsUnavailable" time="0.445" />

      <testcase classname="com.tw.biblioteca.CheckoutTest" name="shouldAcceptChoiceOfBookFromTheUser" time="0.0" />

      <testcase classname="com.tw.biblioteca.CheckoutTest" name="shouldReturnTrueIfTheBookExists" time="0.0" />

      <testcase classname="com.tw.biblioteca.CheckoutTest" name="shouldReturnSuccessMessageIfBookIsAvailable" time="0.0" />

      <testcase classname="com.tw.biblioteca.CheckoutTest" name="shouldReturnFalseIfTheBookDoesntExist" time="0.0" />

      <system-out />

      <system-err />

  </testsuite>
  <testsuite errors="0" failures="0" hostname="precise64" id="2" name="ConsoleInputTest" package="com.tw.biblioteca" tests="1" time="0.011" timestamp="2015-09-13T17:35:21">
      <properties>
[...]
</properties>

      <testcase classname="com.tw.biblioteca.ConsoleInputTest" name="shouldRecieveInput" time="0.003" />

      <system-out />

      <system-err />

  </testsuite>
  <testsuite errors="0" failures="0" hostname="precise64" id="3" name="ConsoleOutputTest" package="com.tw.biblioteca" tests="1" time="0.013" timestamp="2015-09-13T17:35:21">
      <properties>
[...]
</properties>

      <testcase classname="com.tw.biblioteca.ConsoleOutputTest" name="shouldPrintWelcomeMessage" time="0.0" />

      <system-out />

      <system-err />

  </testsuite>
  <testsuite errors="0" failures="0" hostname="precise64" id="4" name="ExitTest" package="com.tw.biblioteca" tests="1" time="0.017" timestamp="2015-09-13T17:35:21">
      <properties>
[...]
</properties>

      <testcase classname="com.tw.biblioteca.ExitTest" name="shouldExitTheApplication" time="0.002" />

      <system-out />

      <system-err />

  </testsuite>
  <testsuite errors="0" failures="0" hostname="precise64" id="5" name="FactoryTest" package="com.tw.biblioteca" tests="1" time="0.011" timestamp="2015-09-13T17:35:21">
      <properties>
[...]
</properties>

      <testcase classname="com.tw.biblioteca.FactoryTest" name="shouldReturnNewDisplayObjects" time="0.003" />

      <system-out />

      <system-err />

  </testsuite>
  <testsuite errors="0" failures="0" hostname="precise64" id="6" name="InvalidMenuItemTest" package="com.tw.biblioteca" tests="1" time="0.012" timestamp="2015-09-13T17:35:21">
      <properties>
[...]
</properties>

      <testcase classname="com.tw.biblioteca.InvalidMenuItemTest" name="shouldDisplayTheBookList" time="0.004" />

      <system-out />

      <system-err />

  </testsuite>
  <testsuite errors="0" failures="0" hostname="precise64" id="7" name="LibraryTest" package="com.tw.biblioteca" tests="5" time="0.03" timestamp="2015-09-13T17:35:21">
      <properties>
[...]
</properties>

      <testcase classname="com.tw.biblioteca.LibraryTest" name="shouldRemoveASpecifiedBookFromTheLibrary" time="0.0" />

      <testcase classname="com.tw.biblioteca.LibraryTest" name="shouldReturnContentsOfLibrary" time="0.001" />

      <testcase classname="com.tw.biblioteca.LibraryTest" name="shouldCheckThatASpecifiedBookInTheLibraryExists" time="0.0" />

      <testcase classname="com.tw.biblioteca.LibraryTest" name="shouldReturnFalseIfASpecifiedBookInTheDoesNotLibraryExist" time="0.0" />

      <testcase classname="com.tw.biblioteca.LibraryTest" name="shouldNotRemoveABookIfItDoesNotExist" time="0.0" />

      <system-out />

      <system-err />

  </testsuite>
  <testsuite errors="0" failures="0" hostname="precise64" id="8" name="ListBooksTest" package="com.tw.biblioteca" tests="2" time="0.012" timestamp="2015-09-13T17:35:21">
      <properties>
[...]
</properties>

      <testcase classname="com.tw.biblioteca.ListBooksTest" name="shouldDisplayTheBookList" time="0.003" />

      <testcase classname="com.tw.biblioteca.ListBooksTest" name="shouldReceiveTheListOfBooksFromLibrary" time="0.0" />

      <system-out />

      <system-err />

  </testsuite>
  <testsuite errors="0" failures="0" hostname="precise64" id="9" name="MenuTest" package="com.tw.biblioteca" tests="1" time="0.011" timestamp="2015-09-13T17:35:21">
      <properties>
[...]
</properties>

      <testcase classname="com.tw.biblioteca.MenuTest" name="shouldReturnTheAvailableMenu" time="0.004" />

      <system-out />

      <system-err />

  </testsuite>
  <testsuite errors="0" failures="0" hostname="precise64" id="10" name="ParserTest" package="com.tw.biblioteca" tests="7" time="0.035" timestamp="2015-09-13T17:35:21">
      <properties>
[...]
</properties>

      <testcase classname="com.tw.biblioteca.ParserTest" name="shouldReturnTrueIfTheOptionEnteredIsADigit" time="0.005" />

      <testcase classname="com.tw.biblioteca.ParserTest" name="shouldReturnBookListObjectIfOptionIsOne" time="0.001" />

      <testcase classname="com.tw.biblioteca.ParserTest" name="shouldReturnFalseIfTheOptionEnteredIsANegativeNumber" time="0.0" />

      <testcase classname="com.tw.biblioteca.ParserTest" name="shouldReturnFalseIfTheOptionEnteredIsAValueGreaterThanTheAvailableOptions" time="0.0" />

      <testcase classname="com.tw.biblioteca.ParserTest" name="shouldReturnInvalidMenuItemObjectIfAnIncorrectOptionIsEntered" time="0.0" />

      <testcase classname="com.tw.biblioteca.ParserTest" name="shouldExitObjectIfOptionIsThree" time="0.003" />

      <testcase classname="com.tw.biblioteca.ParserTest" name="shouldReturnCheckoutObjectIfOptionIsTwo" time="0.0" />

      <system-out />

      <system-err />

  </testsuite>
</testsuites>
