<?xml version="1.0" encoding="UTF-8" ?>
<testsuite errors="0" failures="1" hostname="precise64" name="com.tw.biblioteca.ApplicationTest" tests="1" time="0.942" timestamp="2015-09-14T11:28:32">
  <properties>
[...]
</properties>
  <testcase classname="com.tw.biblioteca.ApplicationTest" name="shouldPrintWelcomeMessage" time="0.729">
    <failure message="expected:&lt;[]Welcome to Bibliotec...&gt; but was:&lt;[11:28:32,994 |-INFO in ch.qos.logback.classic.LoggerContext[default] - Could NOT find resource [logback.groovy]&#xa;11:28:32,995 |-INFO in ch.qos.logback.classic.LoggerContext[default] - Could NOT find resource [logback-test.xml]&#xa;11:28:32,996 |-INFO in ch.qos.logback.classic.LoggerContext[default] - Found resource [logback.xml] at [jar:file:/vagrant/IdeaProjects/BibliotecaVersion1/lib/cobertura-2.1.1/cobertura-2.1.1-sources.jar!/logback.xml]&#xa;11:28:32,999 |-WARN in ch.qos.logback.classic.LoggerContext[default] - Resource [logback.xml] occurs multiple times on the classpath.&#xa;11:28:33,000 |-WARN in ch.qos.logback.classic.LoggerContext[default] - Resource [logback.xml] occurs at [jar:file:/vagrant/IdeaProjects/BibliotecaVersion1/lib/cobertura-2.1.1/cobertura-2.1.1.jar!/logback.xml]&#xa;11:28:33,000 |-WARN in ch.qos.logback.classic.LoggerContext[default] - Resource [logback.xml] occurs at [jar:file:/vagrant/IdeaProjects/BibliotecaVersion1/lib/cobertura-2.1.1/cobertura-2.1.1-sources.jar!/logback.xml]&#xa;11:28:33,073 |-INFO in ch.qos.logback.core.joran.spi.ConfigurationWatchList@7ba516d8 - URL [jar:file:/vagrant/IdeaProjects/BibliotecaVersion1/lib/cobertura-2.1.1/cobertura-2.1.1-sources.jar!/logback.xml] is not of type file&#xa;11:28:33,207 |-INFO in ch.qos.logback.classic.joran.action.ConfigurationAction - debug attribute not set&#xa;11:28:33,213 |-INFO in ch.qos.logback.core.joran.action.AppenderAction - About to instantiate appender of type [ch.qos.logback.core.ConsoleAppender]&#xa;11:28:33,248 |-INFO in ch.qos.logback.core.joran.action.AppenderAction - Naming appender as [STDOUT]&#xa;11:28:33,317 |-INFO in ch.qos.logback.core.joran.action.NestedComplexPropertyIA - Assuming default type [ch.qos.logback.classic.encoder.PatternLayoutEncoder] for [encoder] property&#xa;11:28:33,528 |-INFO in ch.qos.logback.classic.joran.action.LoggerAction - Setting level of logger [net.sourceforge.cobertura] to INFO&#xa;11:28:33,528 |-INFO in ch.qos.logback.classic.joran.action.RootLoggerAction - Setting level of ROOT logger to DEBUG&#xa;11:28:33,528 |-INFO in ch.qos.logback.core.joran.action.AppenderRefAction - Attaching appender named [STDOUT] to Logger[ROOT]&#xa;11:28:33,530 |-INFO in ch.qos.logback.classic.joran.action.ConfigurationAction - End of configuration.&#xa;11:28:33,533 |-INFO in ch.qos.logback.classic.joran.JoranConfigurator@137efe53 - Registering current configuration as safe fallback point&#xa;&#xa;]Welcome to Bibliotec...&gt;" type="junit.framework.AssertionFailedError">junit.framework.AssertionFailedError: expected:&lt;[]Welcome to Bibliotec...&gt; but was:&lt;[11:28:32,994 |-INFO in ch.qos.logback.classic.LoggerContext[default] - Could NOT find resource [logback.groovy]
11:28:32,995 |-INFO in ch.qos.logback.classic.LoggerContext[default] - Could NOT find resource [logback-test.xml]
11:28:32,996 |-INFO in ch.qos.logback.classic.LoggerContext[default] - Found resource [logback.xml] at [jar:file:/vagrant/IdeaProjects/BibliotecaVersion1/lib/cobertura-2.1.1/cobertura-2.1.1-sources.jar!/logback.xml]
11:28:32,999 |-WARN in ch.qos.logback.classic.LoggerContext[default] - Resource [logback.xml] occurs multiple times on the classpath.
11:28:33,000 |-WARN in ch.qos.logback.classic.LoggerContext[default] - Resource [logback.xml] occurs at [jar:file:/vagrant/IdeaProjects/BibliotecaVersion1/lib/cobertura-2.1.1/cobertura-2.1.1.jar!/logback.xml]
11:28:33,000 |-WARN in ch.qos.logback.classic.LoggerContext[default] - Resource [logback.xml] occurs at [jar:file:/vagrant/IdeaProjects/BibliotecaVersion1/lib/cobertura-2.1.1/cobertura-2.1.1-sources.jar!/logback.xml]
11:28:33,073 |-INFO in ch.qos.logback.core.joran.spi.ConfigurationWatchList@7ba516d8 - URL [jar:file:/vagrant/IdeaProjects/BibliotecaVersion1/lib/cobertura-2.1.1/cobertura-2.1.1-sources.jar!/logback.xml] is not of type file
11:28:33,207 |-INFO in ch.qos.logback.classic.joran.action.ConfigurationAction - debug attribute not set
11:28:33,213 |-INFO in ch.qos.logback.core.joran.action.AppenderAction - About to instantiate appender of type [ch.qos.logback.core.ConsoleAppender]
11:28:33,248 |-INFO in ch.qos.logback.core.joran.action.AppenderAction - Naming appender as [STDOUT]
11:28:33,317 |-INFO in ch.qos.logback.core.joran.action.NestedComplexPropertyIA - Assuming default type [ch.qos.logback.classic.encoder.PatternLayoutEncoder] for [encoder] property
11:28:33,528 |-INFO in ch.qos.logback.classic.joran.action.LoggerAction - Setting level of logger [net.sourceforge.cobertura] to INFO
11:28:33,528 |-INFO in ch.qos.logback.classic.joran.action.RootLoggerAction - Setting level of ROOT logger to DEBUG
11:28:33,528 |-INFO in ch.qos.logback.core.joran.action.AppenderRefAction - Attaching appender named [STDOUT] to Logger[ROOT]
11:28:33,530 |-INFO in ch.qos.logback.classic.joran.action.ConfigurationAction - End of configuration.
11:28:33,533 |-INFO in ch.qos.logback.classic.joran.JoranConfigurator@137efe53 - Registering current configuration as safe fallback point

]Welcome to Bibliotec...&gt;
	at com.tw.biblioteca.ApplicationTest.shouldPrintWelcomeMessage(ApplicationTest.java:20)
</failure>
  </testcase>
  <system-out><![CDATA[]]></system-out>
  <system-err><![CDATA[]]></system-err>
</testsuite>
