<?xml version="1.0" encoding="UTF-8" ?>
<testsuites>
  <testsuite errors="0" failures="0" hostname="precise64" id="0" name="AuthenticatorTest" package="com.tw.biblioteca" tests="4" time="0.833" timestamp="2015-09-15T17:57:22">
      <properties>
[...]
</properties>

      <testcase classname="com.tw.biblioteca.AuthenticatorTest" name="shouldReturnFalseIfUsernameIsValidAndPasswordIsInvalid" time="0.67" />

      <testcase classname="com.tw.biblioteca.AuthenticatorTest" name="shouldCheckIftheUsernameIsInvalid" time="0.0" />

      <testcase classname="com.tw.biblioteca.AuthenticatorTest" name="shouldReturnTrueIfUsernameIsValid" time="0.0" />

      <testcase classname="com.tw.biblioteca.AuthenticatorTest" name="shouldReturnTrueIfUsernameAndPasswordIsValid" time="0.0" />

      <system-out><![CDATA[17:57:22,768 |-INFO in ch.qos.logback.classic.LoggerContext[default] - Could NOT find resource [logback.groovy]
17:57:22,770 |-INFO in ch.qos.logback.classic.LoggerContext[default] - Could NOT find resource [logback-test.xml]
17:57:22,771 |-INFO in ch.qos.logback.classic.LoggerContext[default] - Found resource [logback.xml] at [jar:file:/vagrant/IdeaProjects/BibliotecaVersion1/lib/cobertura-2.1.1/cobertura-2.1.1-sources.jar!/logback.xml]
17:57:22,774 |-WARN in ch.qos.logback.classic.LoggerContext[default] - Resource [logback.xml] occurs multiple times on the classpath.
17:57:22,774 |-WARN in ch.qos.logback.classic.LoggerContext[default] - Resource [logback.xml] occurs at [jar:file:/vagrant/IdeaProjects/BibliotecaVersion1/lib/cobertura-2.1.1/cobertura-2.1.1.jar!/logback.xml]
17:57:22,774 |-WARN in ch.qos.logback.classic.LoggerContext[default] - Resource [logback.xml] occurs at [jar:file:/vagrant/IdeaProjects/BibliotecaVersion1/lib/cobertura-2.1.1/cobertura-2.1.1-sources.jar!/logback.xml]
17:57:22,847 |-INFO in ch.qos.logback.core.joran.spi.ConfigurationWatchList@19c2da48 - URL [jar:file:/vagrant/IdeaProjects/BibliotecaVersion1/lib/cobertura-2.1.1/cobertura-2.1.1-sources.jar!/logback.xml] is not of type file
17:57:22,965 |-INFO in ch.qos.logback.classic.joran.action.ConfigurationAction - debug attribute not set
17:57:22,970 |-INFO in ch.qos.logback.core.joran.action.AppenderAction - About to instantiate appender of type [ch.qos.logback.core.ConsoleAppender]
17:57:23,008 |-INFO in ch.qos.logback.core.joran.action.AppenderAction - Naming appender as [STDOUT]
17:57:23,068 |-INFO in ch.qos.logback.core.joran.action.NestedComplexPropertyIA - Assuming default type [ch.qos.logback.classic.encoder.PatternLayoutEncoder] for [encoder] property
17:57:23,267 |-INFO in ch.qos.logback.classic.joran.action.LoggerAction - Setting level of logger [net.sourceforge.cobertura] to INFO
17:57:23,267 |-INFO in ch.qos.logback.classic.joran.action.RootLoggerAction - Setting level of ROOT logger to DEBUG
17:57:23,267 |-INFO in ch.qos.logback.core.joran.action.AppenderRefAction - Attaching appender named [STDOUT] to Logger[ROOT]
17:57:23,270 |-INFO in ch.qos.logback.classic.joran.action.ConfigurationAction - End of configuration.
17:57:23,275 |-INFO in ch.qos.logback.classic.joran.JoranConfigurator@4788ba2e - Registering current configuration as safe fallback point

]]></system-out>

      <system-err />

  </testsuite>
  <testsuite errors="0" failures="0" hostname="precise64" id="1" name="BookLibraryTest" package="com.tw.biblioteca" tests="8" time="0.03" timestamp="2015-09-15T17:57:23">
      <properties>
[...]
</properties>

      <testcase classname="com.tw.biblioteca.BookLibraryTest" name="shouldRemoveASpecifiedBookFromTheLibrary" time="0.008" />

      <testcase classname="com.tw.biblioteca.BookLibraryTest" name="shouldReturnContentsOfLibrary" time="0.0" />

      <testcase classname="com.tw.biblioteca.BookLibraryTest" name="shouldReturnFalseIfTheReturnedBookIsNotABookOfTheLibrary" time="0.0" />

      <testcase classname="com.tw.biblioteca.BookLibraryTest" name="shouldCheckThatASpecifiedBookInTheLibraryExists" time="0.0" />

      <testcase classname="com.tw.biblioteca.BookLibraryTest" name="shouldReturnFalseIfASpecifiedBookInTheDoesNotLibraryExist" time="0.0" />

      <testcase classname="com.tw.biblioteca.BookLibraryTest" name="shouldAddTheReturnedBookToTheBookList" time="0.0" />

      <testcase classname="com.tw.biblioteca.BookLibraryTest" name="shouldNotRemoveABookIfItDoesNotExist" time="0.0" />

      <testcase classname="com.tw.biblioteca.BookLibraryTest" name="shouldAddBookThatHasBeenRemovedToUnavailableList" time="0.0" />

      <system-out />

      <system-err />

  </testsuite>
  <testsuite errors="0" failures="0" hostname="precise64" id="2" name="BookTest" package="com.tw.biblioteca" tests="7" time="0.018" timestamp="2015-09-15T17:57:23">
      <properties>
[...]
</properties>

      <testcase classname="com.tw.biblioteca.BookTest" name="shouldBeEqualToAnotherBookObjectWithSameName" time="0.0" />

      <testcase classname="com.tw.biblioteca.BookTest" name="shouldBeEqualToItself" time="0.0" />

      <testcase classname="com.tw.biblioteca.BookTest" name="shouldNotBeEqualToAnotherBookObjectWithDifferentName" time="0.001" />

      <testcase classname="com.tw.biblioteca.BookTest" name="shouldReturnEachBookInColumnForm" time="0.001" />

      <testcase classname="com.tw.biblioteca.BookTest" name="shouldNotBeEqualToANullObject" time="0.0" />

      <testcase classname="com.tw.biblioteca.BookTest" name="shouldHaveEqualHashcodesIfBooksAreEqual" time="0.001" />

      <testcase classname="com.tw.biblioteca.BookTest" name="shouldNotBeEqualToAnObjectOtherThanBook" time="0.0" />

      <system-out />

      <system-err />

  </testsuite>
  <testsuite errors="0" failures="0" hostname="precise64" id="3" name="CheckinBookTest" package="com.tw.biblioteca" tests="5" time="0.457" timestamp="2015-09-15T17:57:23">
      <properties>
[...]
</properties>

      <testcase classname="com.tw.biblioteca.CheckinBookTest" name="shouldReturnFalseIfTheBookIsNotInTheCheckedOutList" time="0.368" />

      <testcase classname="com.tw.biblioteca.CheckinBookTest" name="shouldAcceptChoiceOfBookFromUser" time="0.003" />

      <testcase classname="com.tw.biblioteca.CheckinBookTest" name="shouldReturnSuccessfulMessageIfTheReturnWasSuccessful" time="0.068" />

      <testcase classname="com.tw.biblioteca.CheckinBookTest" name="shouldReturnTrueIfTheBookIsInTheCheckedOutList" time="0.001" />

      <testcase classname="com.tw.biblioteca.CheckinBookTest" name="shouldReturnUnsuccessfulMessageIfTheReturnWasUnuccessful" time="0.001" />

      <system-out />

      <system-err />

  </testsuite>
  <testsuite errors="0" failures="0" hostname="precise64" id="4" name="CheckoutBookMovieTest" package="com.tw.biblioteca" tests="5" time="0.058" timestamp="2015-09-15T17:57:23">
      <properties>
[...]
</properties>

      <testcase classname="com.tw.biblioteca.CheckoutBookMovieTest" name="shouldReturnUnsuccessfulMessageIfMovieIsUnavailable" time="0.031" />

      <testcase classname="com.tw.biblioteca.CheckoutBookMovieTest" name="shouldAcceptChoiceOfMovieFromTheUser" time="0.002" />

      <testcase classname="com.tw.biblioteca.CheckoutBookMovieTest" name="shouldReturnFalseIfTheMovieDoesntExist" time="0.001" />

      <testcase classname="com.tw.biblioteca.CheckoutBookMovieTest" name="shouldReturnSuccessMessageIfMovieIsAvailable" time="0.001" />

      <testcase classname="com.tw.biblioteca.CheckoutBookMovieTest" name="shouldReturnTrueIfTheMovieExists" time="0.0" />

      <system-out />

      <system-err />

  </testsuite>
  <testsuite errors="0" failures="0" hostname="precise64" id="5" name="CheckoutBookTest" package="com.tw.biblioteca" tests="5" time="0.046" timestamp="2015-09-15T17:57:23">
      <properties>
[...]
</properties>

      <testcase classname="com.tw.biblioteca.CheckoutBookTest" name="shouldReturnUnsuccessMessageIfBookIsUnavailable" time="0.024" />

      <testcase classname="com.tw.biblioteca.CheckoutBookTest" name="shouldAcceptChoiceOfBookFromTheUser" time="0.0" />

      <testcase classname="com.tw.biblioteca.CheckoutBookTest" name="shouldReturnTrueIfTheBookExists" time="0.0" />

      <testcase classname="com.tw.biblioteca.CheckoutBookTest" name="shouldReturnSuccessMessageIfBookIsAvailable" time="0.005" />

      <testcase classname="com.tw.biblioteca.CheckoutBookTest" name="shouldReturnFalseIfTheBookDoesntExist" time="0.0" />

      <system-out />

      <system-err />

  </testsuite>
  <testsuite errors="0" failures="0" hostname="precise64" id="6" name="ConsoleInputTest" package="com.tw.biblioteca" tests="1" time="0.01" timestamp="2015-09-15T17:57:24">
      <properties>
[...]
</properties>

      <testcase classname="com.tw.biblioteca.ConsoleInputTest" name="shouldRecieveInput" time="0.003" />

      <system-out />

      <system-err />

  </testsuite>
  <testsuite errors="0" failures="0" hostname="precise64" id="7" name="ConsoleOutputTest" package="com.tw.biblioteca" tests="1" time="0.008" timestamp="2015-09-15T17:57:24">
      <properties>
[...]
</properties>

      <testcase classname="com.tw.biblioteca.ConsoleOutputTest" name="shouldPrintWelcomeMessage" time="0.0" />

      <system-out />

      <system-err />

  </testsuite>
  <testsuite errors="0" failures="0" hostname="precise64" id="8" name="ControllerTest" package="com.tw.biblioteca" tests="4" time="0.068" timestamp="2015-09-15T17:57:24">
      <properties>
[...]
</properties>

      <testcase classname="com.tw.biblioteca.ControllerTest" name="shouldDisplayTheMenu" time="0.042" />

      <testcase classname="com.tw.biblioteca.ControllerTest" name="shouldExexuteTheMenuObject" time="0.005" />

      <testcase classname="com.tw.biblioteca.ControllerTest" name="shouldCreateTheMenuObject" time="0.006" />

      <testcase classname="com.tw.biblioteca.ControllerTest" name="shouldAcceptInput" time="0.001" />

      <system-out />

      <system-err />

  </testsuite>
  <testsuite errors="0" failures="0" hostname="precise64" id="9" name="ExitTest" package="com.tw.biblioteca" tests="1" time="0.029" timestamp="2015-09-15T17:57:24">
      <properties>
[...]
</properties>

      <testcase classname="com.tw.biblioteca.ExitTest" name="shouldExitTheApplication" time="0.002" />

      <system-out />

      <system-err />

  </testsuite>
  <testsuite errors="0" failures="0" hostname="precise64" id="10" name="FirstMenuTest" package="com.tw.biblioteca" tests="1" time="0.007" timestamp="2015-09-15T17:57:24">
      <properties>
[...]
</properties>

      <testcase classname="com.tw.biblioteca.DefaultMenuTest" name="shouldReturnTheAvailableMenu" time="0.0" />

      <system-out />

      <system-err />

  </testsuite>
  <testsuite errors="0" failures="0" hostname="precise64" id="11" name="InvalidFirstMenuItemTest" package="com.tw.biblioteca" tests="1" time="0.011" timestamp="2015-09-15T17:57:24">
      <properties>
[...]
</properties>

      <testcase classname="com.tw.biblioteca.InvalidDefaultMenuItemTest" name="shouldDisplayTheBookList" time="0.004" />

      <system-out />

      <system-err />

  </testsuite>
  <testsuite errors="0" failures="0" hostname="precise64" id="12" name="LibrarianMenuTest" package="com.tw.biblioteca" tests="1" time="0.01" timestamp="2015-09-15T17:57:24">
      <properties>
[...]
</properties>

      <testcase classname="com.tw.biblioteca.LibrarianMenuTest" name="shouldReturnTheAvailableMenu" time="0.003" />

      <system-out />

      <system-err />

  </testsuite>
  <testsuite errors="0" failures="0" hostname="precise64" id="13" name="ListBooksTest" package="com.tw.biblioteca" tests="2" time="0.012" timestamp="2015-09-15T17:57:24">
      <properties>
[...]
</properties>

      <testcase classname="com.tw.biblioteca.ListBooksTest" name="shouldDisplayTheBookList" time="0.003" />

      <testcase classname="com.tw.biblioteca.ListBooksTest" name="shouldReceiveTheListOfBooksFromLibrary" time="0.0" />

      <system-out />

      <system-err />

  </testsuite>
  <testsuite errors="0" failures="0" hostname="precise64" id="14" name="ListMoviesTest" package="com.tw.biblioteca" tests="2" time="0.014" timestamp="2015-09-15T17:57:24">
      <properties>
[...]
</properties>

      <testcase classname="com.tw.biblioteca.ListMoviesTest" name="shouldDisplayTheBookList" time="0.005" />

      <testcase classname="com.tw.biblioteca.ListMoviesTest" name="shouldReceiveTheListOfMoviesFromMovieLibrary" time="0.0" />

      <system-out />

      <system-err />

  </testsuite>
  <testsuite errors="0" failures="0" hostname="precise64" id="15" name="LoginTest" package="com.tw.biblioteca" tests="6" time="0.033" timestamp="2015-09-15T17:57:24">
      <properties>
[...]
</properties>

      <testcase classname="com.tw.biblioteca.LoginTest" name="shouldDisplaySuccessfulMessageIfLoginIsSuccessful" time="0.007" />

      <testcase classname="com.tw.biblioteca.LoginTest" name="shouldAcceptUsernameFromUser" time="0.001" />

      <testcase classname="com.tw.biblioteca.LoginTest" name="shouldCreateSessionObjectIfUsernameAndPasswordAreAuthenticated" time="0.0" />

      <testcase classname="com.tw.biblioteca.LoginTest" name="shouldAcceptPasswordFromUser" time="0.0" />

      <testcase classname="com.tw.biblioteca.LoginTest" name="shouldReturnTrueIfUsernamAndPasswordIsAuthenticated" time="0.0" />

      <testcase classname="com.tw.biblioteca.LoginTest" name="shouldDisplayUnsuccessfulMessageIfLoginIsUnsccessful" time="0.001" />

      <system-out />

      <system-err />

  </testsuite>
  <testsuite errors="0" failures="0" hostname="precise64" id="16" name="MovieBookLibraryTest" package="com.tw.biblioteca" tests="6" time="0.016" timestamp="2015-09-15T17:57:24">
      <properties>
[...]
</properties>

      <testcase classname="com.tw.biblioteca.MovieBookLibraryTest" name="shouldReturnABookIfItDoesExist" time="0.0" />

      <testcase classname="com.tw.biblioteca.MovieBookLibraryTest" name="shouldCheckThatASpecifiedMovieInTheLibraryExists" time="0.0" />

      <testcase classname="com.tw.biblioteca.MovieBookLibraryTest" name="shouldReturnFalseIfASpecifiedBookInTheDoesNotLibraryExist" time="0.0" />

      <testcase classname="com.tw.biblioteca.MovieBookLibraryTest" name="shouldListTheMovieNames" time="0.001" />

      <testcase classname="com.tw.biblioteca.MovieBookLibraryTest" name="shouldRemoveASpecifiedMovieFromTheLibrary" time="0.0" />

      <testcase classname="com.tw.biblioteca.MovieBookLibraryTest" name="shouldNotRemoveABookIfItDoesNotExist" time="0.0" />

      <system-out />

      <system-err />

  </testsuite>
  <testsuite errors="0" failures="0" hostname="precise64" id="17" name="MovieTest" package="com.tw.biblioteca" tests="7" time="0.017" timestamp="2015-09-15T17:57:24">
      <properties>
[...]
</properties>

      <testcase classname="com.tw.biblioteca.MovieTest" name="shouldBeEqualToAnotherMovieObjectWithSameName" time="0.0" />

      <testcase classname="com.tw.biblioteca.MovieTest" name="shouldBeEqualToItself" time="0.0" />

      <testcase classname="com.tw.biblioteca.MovieTest" name="shouldReturnEachMovieInColumnForm" time="0.0" />

      <testcase classname="com.tw.biblioteca.MovieTest" name="shouldNotBeEqualToAnObjectOtherThanMovie" time="0.001" />

      <testcase classname="com.tw.biblioteca.MovieTest" name="shouldHaveEqualHashcodesIfMoviesAreEqual" time="0.0" />

      <testcase classname="com.tw.biblioteca.MovieTest" name="shouldNotBeEqualToANullObject" time="0.001" />

      <testcase classname="com.tw.biblioteca.MovieTest" name="shouldNotBeEqualToAnotherMovieObjectWithDifferentName" time="0.0" />

      <system-out />

      <system-err />

  </testsuite>
  <testsuite errors="0" failures="0" hostname="precise64" id="18" name="ParserTest" package="com.tw.biblioteca" tests="8" time="0.034" timestamp="2015-09-15T17:57:24">
      <properties>
[...]
</properties>

      <testcase classname="com.tw.biblioteca.ParserTest" name="shouldListMoviesObjectIfOptionIsListMovies" time="0.0" />

      <testcase classname="com.tw.biblioteca.ParserTest" name="shouldExitObjectIfOptionIsExit" time="0.003" />

      <testcase classname="com.tw.biblioteca.ParserTest" name="shouldReturnReturnBookObjectIfOptionIsCheckinBook" time="0.001" />

      <testcase classname="com.tw.biblioteca.ParserTest" name="shouldReturnBookListObjectIfOptionIsOne" time="0.002" />

      <testcase classname="com.tw.biblioteca.ParserTest" name="shouldReturnCheckoutObjectIfOptionIsCheckoutBook" time="0.0" />

      <testcase classname="com.tw.biblioteca.ParserTest" name="shouldReturnLoginObjectIfOptionIsLogin" time="0.0" />

      <testcase classname="com.tw.biblioteca.ParserTest" name="shouldReturnInvalidMenuItemObjectIfAnIncorrectOptionIsEntered" time="0.0" />

      <testcase classname="com.tw.biblioteca.ParserTest" name="shouldReturnCheckoutMovieObjectIfOptionIsCheckoutMovie" time="0.0" />

      <system-out />

      <system-err />

  </testsuite>
  <testsuite errors="0" failures="0" hostname="precise64" id="19" name="SessionTest" package="com.tw.biblioteca" tests="1" time="0.007" timestamp="2015-09-15T17:57:24">
      <properties>
[...]
</properties>

      <testcase classname="com.tw.biblioteca.SessionTest" name="shouldGetTheSessionDetails" time="0.001" />

      <system-out />

      <system-err />

  </testsuite>
  <testsuite errors="0" failures="0" hostname="precise64" id="20" name="UserMenuTest" package="com.tw.biblioteca" tests="1" time="0.011" timestamp="2015-09-15T17:57:24">
      <properties>
[...]
</properties>

      <testcase classname="com.tw.biblioteca.UserMenuTest" name="shouldReturnTheAvailableMenu" time="0.004" />

      <system-out />

      <system-err />

  </testsuite>
  <testsuite errors="0" failures="0" hostname="precise64" id="21" name="UserTest" package="com.tw.biblioteca" tests="9" time="0.02" timestamp="2015-09-15T17:57:24">
      <properties>
[...]
</properties>

      <testcase classname="com.tw.biblioteca.UserTest" name="shouldBeEqualToItself" time="0.0" />

      <testcase classname="com.tw.biblioteca.UserTest" name="shouldNotBeEqualToAnyOtherObject" time="0.0" />

      <testcase classname="com.tw.biblioteca.UserTest" name="shouldReturnFalseIfPasswordIsIncorrect" time="0.0" />

      <testcase classname="com.tw.biblioteca.UserTest" name="shouldNotBeEqualToNull" time="0.0" />

      <testcase classname="com.tw.biblioteca.UserTest" name="shouldHaveSameHashCodeForEqualUsers" time="0.0" />

      <testcase classname="com.tw.biblioteca.UserTest" name="shouldGetTheRoleOfTheUser" time="0.001" />

      <testcase classname="com.tw.biblioteca.UserTest" name="shouldNotBeEqualToAnotherUserWithDifferentUsername" time="0.0" />

      <testcase classname="com.tw.biblioteca.UserTest" name="shouldBeEqualToAnotherUserWithSameUsername" time="0.0" />

      <testcase classname="com.tw.biblioteca.UserTest" name="shouldReturnTrueIfPasswordIsCorrect" time="0.0" />

      <system-out />

      <system-err />

  </testsuite>
</testsuites>
